\BOOKMARK [1][-]{section.1}{\376\377\000L\000e\000z\000i\000o\000n\000e\000\040\000d\000e\000l\000\040\0002\0004\000-\0000\0002\000-\0002\0005}{}% 1
\BOOKMARK [2][-]{subsection.1.1}{\376\377\000I\000n\000t\000r\000o\000d\000u\000z\000i\000o\000n\000e\000\040\000a\000l\000\040\000c\000o\000r\000s\000o}{section.1}% 2
\BOOKMARK [3][-]{subsubsection.1.1.1}{\376\377\000M\000a\000t\000e\000m\000a\000t\000i\000c\000a\000\040\000d\000e\000l\000\040\000c\000o\000n\000t\000i\000n\000u\000o}{subsection.1.1}% 3
\BOOKMARK [3][-]{subsubsection.1.1.2}{\376\377\000E\000r\000r\000o\000r\000i}{subsection.1.1}% 4
\BOOKMARK [3][-]{subsubsection.1.1.3}{\376\377\000E\000f\000f\000i\000c\000i\000e\000n\000z\000a}{subsection.1.1}% 5
\BOOKMARK [2][-]{subsection.1.2}{\376\377\000R\000a\000p\000p\000r\000e\000s\000e\000n\000t\000a\000z\000i\000o\000n\000e\000\040\000d\000e\000i\000\040\000r\000e\000a\000l\000i}{section.1}% 6
\BOOKMARK [3][-]{subsubsection.1.2.1}{\376\377\000L\000i\000m\000i\000t\000i\000\040\000i\000n\000f\000e\000r\000i\000o\000r\000i\000\040\000e\000\040\000s\000u\000p\000e\000r\000i\000o\000r\000i}{subsection.1.2}% 7
\BOOKMARK [2][-]{subsection.1.3}{\376\377\000A\000r\000r\000o\000t\000o\000n\000d\000a\000m\000e\000n\000t\000o}{section.1}% 8
\BOOKMARK [3][-]{subsubsection.1.3.1}{\376\377\000E\000r\000r\000o\000r\000e\000\040\000d\000i\000\040\000a\000r\000r\000o\000t\000o\000n\000d\000a\000m\000e\000n\000t\000o}{subsection.1.3}% 9
\BOOKMARK [3][-]{subsubsection.1.3.2}{\376\377\000D\000e\000t\000t\000a\000g\000l\000i\000\040\000d\000i\000\040\000i\000m\000p\000l\000e\000m\000e\000n\000t\000a\000z\000i\000o\000n\000e}{subsection.1.3}% 10
\BOOKMARK [2][-]{subsection.1.4}{\376\377\000N\000u\000m\000e\000r\000i\000\040\000s\000o\000t\000t\000o\000n\000o\000r\000m\000a\000l\000i\000z\000z\000a\000t\000i}{section.1}% 11
\BOOKMARK [1][-]{section.2}{\376\377\000L\000e\000z\000i\000o\000n\000e\000\040\000d\000e\000l\000\040\0002\0008\000-\0000\0002\000-\0002\0005}{}% 12
\BOOKMARK [2][-]{subsection.2.1}{\376\377\000O\000p\000e\000r\000a\000z\000i\000o\000n\000i\000\040\000s\000u\000i\000\040\000n\000u\000m\000e\000r\000i\000\040\000m\000a\000c\000c\000h\000i\000n\000a}{section.2}% 13
\BOOKMARK [3][-]{subsubsection.2.1.1}{\376\377\000E\000r\000r\000o\000r\000e\000\040\000n\000e\000l\000\040\000c\000a\000l\000c\000o\000l\000o\000\040\000d\000i\000\040\000f\000u\000n\000z\000i\000o\000n\000e}{subsection.2.1}% 14
\BOOKMARK [3][-]{subsubsection.2.1.2}{\376\377\000E\000r\000r\000o\000r\000e\000\040\000d\000i\000\040\000f\000u\000n\000z\000i\000o\000n\000i\000\040\000r\000a\000z\000i\000o\000n\000a\000l\000i}{subsection.2.1}% 15
\BOOKMARK [3][-]{subsubsection.2.1.3}{\376\377\000S\000t\000i\000m\000a\000\040\000d\000e\000l\000l\000'\000e\000r\000r\000o\000r\000e\000\040\000i\000n\000e\000r\000e\000n\000t\000e}{subsection.2.1}% 16
\BOOKMARK [3][-]{subsubsection.2.1.4}{\376\377\000E\000r\000r\000o\000r\000i\000\040\000i\000n\000e\000r\000e\000n\000t\000i\000\040\000d\000e\000l\000l\000e\000\040\000o\000p\000e\000r\000a\000z\000i\000o\000n\000i\000\040\000a\000r\000i\000t\000m\000e\000t\000i\000c\000h\000e}{subsection.2.1}% 17
\BOOKMARK [3][-]{subsubsection.2.1.5}{\376\377\000S\000t\000i\000m\000a\000\040\000d\000e\000l\000l\000'\000e\000r\000r\000o\000r\000e\000\040\000a\000l\000g\000o\000r\000i\000t\000m\000i\000c\000o}{subsection.2.1}% 18
\BOOKMARK [3][-]{subsubsection.2.1.6}{\376\377\000P\000r\000o\000b\000l\000e\000m\000a\000\040\000d\000i\000r\000e\000t\000t\000o}{subsection.2.1}% 19
\BOOKMARK [3][-]{subsubsection.2.1.7}{\376\377\000P\000r\000o\000b\000l\000e\000m\000a\000\040\000i\000n\000v\000e\000r\000s\000o}{subsection.2.1}% 20
\BOOKMARK [1][-]{section.3}{\376\377\000L\000e\000z\000i\000o\000n\000e\000\040\000d\000e\000l\000\040\0000\0003\000-\0000\0003\000-\0002\0005}{}% 21
\BOOKMARK [2][-]{subsection.3.1}{\376\377\000R\000i\000a\000s\000s\000u\000n\000t\000o\000\040\000s\000u\000l\000l\000a\000\040\000s\000t\000i\000m\000a\000\040\000d\000e\000l\000l\000'\000e\000r\000r\000o\000r\000e}{section.3}% 22
\BOOKMARK [2][-]{subsection.3.2}{\376\377\000E\000r\000r\000o\000r\000i\000\040\000d\000i\000\040\000f\000u\000n\000z\000i\000o\000n\000i\000\040\000n\000o\000n\000\040\000r\000a\000z\000i\000o\000n\000a\000l\000i}{section.3}% 23
\BOOKMARK [3][-]{subsubsection.3.2.1}{\376\377\000A\000p\000p\000r\000o\000s\000s\000i\000m\000a\000z\000i\000o\000n\000e\000\040\000d\000e\000l\000l\000'\000e\000s\000p\000o\000n\000e\000n\000z\000i\000a\000l\000e}{subsection.3.2}% 24
\BOOKMARK [3][-]{subsubsection.3.2.2}{\376\377\000N\000o\000t\000e\000\040\000d\000i\000\040\000i\000m\000p\000l\000e\000m\000e\000n\000t\000a\000z\000i\000o\000n\000e}{subsection.3.2}% 25
\BOOKMARK [2][-]{subsection.3.3}{\376\377\000R\000i\000c\000h\000i\000a\000m\000i\000\040\000d\000i\000\040\000a\000l\000g\000e\000b\000r\000a\000\040\000l\000i\000n\000e\000a\000r\000e}{section.3}% 26
\BOOKMARK [3][-]{subsubsection.3.3.1}{\376\377\000M\000a\000t\000r\000i\000c\000i\000\040\000c\000o\000m\000p\000l\000e\000s\000s\000e}{subsection.3.3}% 27
\BOOKMARK [3][-]{subsubsection.3.3.2}{\376\377\000I\000n\000d\000i\000p\000e\000n\000d\000e\000n\000z\000a\000\040\000l\000i\000n\000e\000a\000r\000e}{subsection.3.3}% 28
\BOOKMARK [3][-]{subsubsection.3.3.3}{\376\377\000P\000r\000o\000d\000o\000t\000t\000o\000\040\000s\000c\000a\000l\000a\000r\000e}{subsection.3.3}% 29
\BOOKMARK [2][-]{subsection.3.4}{\376\377\000T\000r\000a\000s\000p\000o\000s\000t\000a\000\040\000c\000o\000n\000i\000u\000g\000a\000t\000a}{section.3}% 30
\BOOKMARK [3][-]{subsubsection.3.4.1}{\376\377\000O\000p\000e\000r\000a\000z\000i\000o\000n\000i\000\040\000m\000a\000t\000r\000i\000c\000i\000a\000l\000i}{subsection.3.4}% 31
\BOOKMARK [3][-]{subsubsection.3.4.2}{\376\377\000C\000o\000n\000s\000i\000d\000e\000r\000a\000z\000i\000o\000n\000i\000\040\000c\000o\000m\000p\000u\000t\000a\000z\000i\000o\000n\000a\000l\000i\000\040\000d\000e\000l\000\040\000p\000r\000o\000d\000o\000t\000t\000o\000\040\000m\000a\000t\000r\000i\000c\000i\000a\000l\000e}{subsection.3.4}% 32
\BOOKMARK [1][-]{section.4}{\376\377\000L\000e\000z\000i\000o\000n\000e\000\040\000d\000e\000l\000\040\0000\0007\000-\0000\0003\000-\0002\0005}{}% 33
\BOOKMARK [2][-]{subsubsection.4.0.1}{\376\377\000C\000o\000n\000s\000i\000d\000e\000r\000a\000z\000i\000o\000n\000i\000\040\000s\000u\000l\000l\000'\000e\000f\000f\000i\000c\000i\000e\000n\000z\000a\000\040\000d\000e\000l\000l\000a\000\040\000m\000o\000l\000t\000i\000p\000l\000i\000c\000a\000z\000i\000o\000n\000e\000\040\000m\000a\000t\000r\000i\000c\000i\000a\000l\000e}{section.4}% 34
\BOOKMARK [3][-]{subsubsection.4.0.2}{\376\377\000P\000r\000o\000p\000r\000i\000e\000t\000\340\000\040\000d\000e\000l\000l\000a\000\040\000m\000o\000l\000t\000i\000p\000l\000i\000c\000a\000z\000i\000o\000n\000e\000\040\000m\000a\000t\000r\000i\000c\000i\000a\000l\000e}{subsubsection.4.0.1}% 35
\BOOKMARK [3][-]{subsubsection.4.0.3}{\376\377\000D\000e\000t\000e\000r\000m\000i\000n\000a\000n\000t\000e}{subsubsection.4.0.1}% 36
\BOOKMARK [3][-]{subsubsection.4.0.4}{\376\377\000P\000r\000o\000p\000r\000i\000e\000t\000\340\000\040\000d\000e\000l\000\040\000d\000e\000t\000e\000r\000m\000i\000n\000a\000n\000t\000e}{subsubsection.4.0.1}% 37
\BOOKMARK [3][-]{subsubsection.4.0.5}{\376\377\000R\000a\000n\000g\000o}{subsubsection.4.0.1}% 38
\BOOKMARK [3][-]{subsubsection.4.0.6}{\376\377\000P\000r\000o\000p\000r\000i\000e\000t\000\340\000\040\000d\000e\000l\000\040\000r\000a\000n\000g\000o}{subsubsection.4.0.1}% 39
\BOOKMARK [3][-]{subsubsection.4.0.7}{\376\377\000T\000e\000o\000r\000e\000m\000a\000\040\000d\000i\000\040\000B\000i\000n\000e\000t\000-\000C\000a\000u\000c\000h\000y}{subsubsection.4.0.1}% 40
\BOOKMARK [3][-]{subsubsection.4.0.8}{\376\377\000M\000a\000t\000r\000i\000c\000e\000\040\000i\000n\000v\000e\000r\000s\000a}{subsubsection.4.0.1}% 41
\BOOKMARK [3][-]{subsubsection.4.0.9}{\376\377\000P\000r\000o\000p\000r\000i\000e\000t\000\340\000\040\000d\000e\000l\000l\000a\000\040\000m\000a\000t\000r\000i\000c\000e\000\040\000i\000n\000v\000e\000r\000s\000a}{subsubsection.4.0.1}% 42
\BOOKMARK [3][-]{subsubsection.4.0.10}{\376\377\000M\000a\000t\000r\000i\000c\000i\000\040\000p\000a\000r\000t\000i\000c\000o\000l\000a\000r\000i}{subsubsection.4.0.1}% 43
\BOOKMARK [3][-]{subsubsection.4.0.11}{\376\377\000M\000a\000t\000r\000i\000c\000i\000\040\000d\000i\000\040\000p\000e\000r\000m\000u\000t\000a\000z\000i\000o\000n\000e}{subsubsection.4.0.1}% 44
\BOOKMARK [3][-]{subsubsection.4.0.12}{\376\377\000P\000r\000o\000p\000r\000i\000e\000t\000\340\000\040\000d\000e\000l\000l\000e\000\040\000m\000a\000t\000r\000i\000c\000i\000\040\000d\000i\000\040\000p\000e\000r\000m\000u\000t\000a\000z\000i\000o\000n\000e}{subsubsection.4.0.1}% 45
\BOOKMARK [3][-]{subsubsection.4.0.13}{\376\377\000S\000i\000s\000t\000e\000m\000i\000\040\000l\000i\000n\000e\000a\000r\000i}{subsubsection.4.0.1}% 46
\BOOKMARK [3][-]{subsubsection.4.0.14}{\376\377\000T\000e\000o\000r\000e\000m\000a\000\040\000d\000i\000\040\000R\000o\000u\000c\000h\000\351\000-\000C\000a\000p\000e\000l\000l\000i}{subsubsection.4.0.1}% 47
\BOOKMARK [3][-]{subsubsection.4.0.15}{\376\377\000R\000e\000g\000o\000l\000a\000\040\000d\000i\000\040\000C\000r\000a\000m\000e\000r}{subsubsection.4.0.1}% 48
